  [1m[35m (0.1ms)[0m  [1m[34mSELECT sqlite_version(*)[0m
  ↳ bin/rails:9
  [1m[35m (2.2ms)[0m  [1m[35mCREATE TABLE "schema_migrations" ("version" varchar NOT NULL PRIMARY KEY)[0m
  ↳ bin/rails:9
  [1m[35m (2.5ms)[0m  [1m[35mCREATE TABLE "ar_internal_metadata" ("key" varchar NOT NULL PRIMARY KEY, "value" varchar, "created_at" datetime NOT NULL, "updated_at" datetime NOT NULL)[0m
  ↳ bin/rails:9
  [1m[35m (0.3ms)[0m  [1m[34mSELECT "schema_migrations"."version" FROM "schema_migrations" ORDER BY "schema_migrations"."version" ASC[0m
  ↳ bin/rails:9
Migrating to CreateAssemblies (20180726151117)
  [1m[35m (0.1ms)[0m  [1m[36mbegin transaction[0m
  ↳ bin/rails:9
  [1m[35m (0.8ms)[0m  [1m[35mCREATE TABLE "assemblies" ("id" integer PRIMARY KEY AUTOINCREMENT NOT NULL, "name" varchar, "created_at" datetime NOT NULL, "updated_at" datetime NOT NULL)[0m
  ↳ db/migrate/20180726151117_create_assemblies.rb:3
  [1m[36mActiveRecord::SchemaMigration Create (0.2ms)[0m  [1m[32mINSERT INTO "schema_migrations" ("version") VALUES (?)[0m  [["version", "20180726151117"]]
  ↳ bin/rails:9
  [1m[35m (12.6ms)[0m  [1m[36mcommit transaction[0m
  ↳ bin/rails:9
Migrating to CreateParts (20180726151136)
  [1m[35m (0.1ms)[0m  [1m[36mbegin transaction[0m
  ↳ bin/rails:9
  [1m[35m (0.7ms)[0m  [1m[35mCREATE TABLE "parts" ("id" integer PRIMARY KEY AUTOINCREMENT NOT NULL, "part_number" varchar, "created_at" datetime NOT NULL, "updated_at" datetime NOT NULL)[0m
  ↳ db/migrate/20180726151136_create_parts.rb:3
  [1m[36mActiveRecord::SchemaMigration Create (0.4ms)[0m  [1m[32mINSERT INTO "schema_migrations" ("version") VALUES (?)[0m  [["version", "20180726151136"]]
  ↳ bin/rails:9
  [1m[35m (1.7ms)[0m  [1m[36mcommit transaction[0m
  ↳ bin/rails:9
Migrating to AssembliesAndParts (20180726152549)
  [1m[35m (0.1ms)[0m  [1m[36mbegin transaction[0m
  ↳ bin/rails:9
  [1m[35m (0.5ms)[0m  [1m[35mCREATE TABLE "assembliesandparts" ("id" integer PRIMARY KEY AUTOINCREMENT NOT NULL, "assembly_id" integer, "part_id" integer, "created_at" datetime NOT NULL, "updated_at" datetime NOT NULL)[0m
  ↳ db/migrate/20180726152549_assemblies_and_parts.rb:3
  [1m[35m (0.1ms)[0m  [1m[35mCREATE  INDEX "index_assembliesandparts_on_assembly_id" ON "assembliesandparts" ("assembly_id")[0m
  ↳ db/migrate/20180726152549_assemblies_and_parts.rb:3
  [1m[35m (0.1ms)[0m  [1m[35mCREATE  INDEX "index_assembliesandparts_on_part_id" ON "assembliesandparts" ("part_id")[0m
  ↳ db/migrate/20180726152549_assemblies_and_parts.rb:3
  [1m[36mActiveRecord::SchemaMigration Create (0.2ms)[0m  [1m[32mINSERT INTO "schema_migrations" ("version") VALUES (?)[0m  [["version", "20180726152549"]]
  ↳ bin/rails:9
  [1m[35m (1.6ms)[0m  [1m[36mcommit transaction[0m
  ↳ bin/rails:9
  [1m[36mActiveRecord::InternalMetadata Load (0.4ms)[0m  [1m[34mSELECT  "ar_internal_metadata".* FROM "ar_internal_metadata" WHERE "ar_internal_metadata"."key" = ? LIMIT ?[0m  [["key", "environment"], ["LIMIT", 1]]
  ↳ bin/rails:9
  [1m[35m (0.1ms)[0m  [1m[36mbegin transaction[0m
  ↳ bin/rails:9
  [1m[36mActiveRecord::InternalMetadata Create (0.9ms)[0m  [1m[32mINSERT INTO "ar_internal_metadata" ("key", "value", "created_at", "updated_at") VALUES (?, ?, ?, ?)[0m  [["key", "environment"], ["value", "development"], ["created_at", "2018-07-26 15:31:13.865736"], ["updated_at", "2018-07-26 15:31:13.865736"]]
  ↳ bin/rails:9
  [1m[35m (1.9ms)[0m  [1m[36mcommit transaction[0m
  ↳ bin/rails:9
  [1m[35m (0.2ms)[0m  [1m[34mSELECT "schema_migrations"."version" FROM "schema_migrations" ORDER BY "schema_migrations"."version" ASC[0m
  ↳ bin/rails:9
  [1m[35m (0.2ms)[0m  [1m[34mSELECT "schema_migrations"."version" FROM "schema_migrations" ORDER BY "schema_migrations"."version" ASC[0m
  ↳ bin/rails:9
  [1m[36mActiveRecord::InternalMetadata Load (0.4ms)[0m  [1m[34mSELECT  "ar_internal_metadata".* FROM "ar_internal_metadata" WHERE "ar_internal_metadata"."key" = ? LIMIT ?[0m  [["key", "environment"], ["LIMIT", 1]]
  ↳ bin/rails:9
  [1m[35m (0.1ms)[0m  [1m[36mbegin transaction[0m
  ↳ bin/rails:9
  [1m[35m (0.1ms)[0m  [1m[36mcommit transaction[0m
  ↳ bin/rails:9
  [1m[35m (0.1ms)[0m  [1m[34mSELECT "schema_migrations"."version" FROM "schema_migrations" ORDER BY "schema_migrations"."version" ASC[0m
  ↳ bin/rails:9
  [1m[35m (0.2ms)[0m  [1m[34mSELECT "schema_migrations"."version" FROM "schema_migrations" ORDER BY "schema_migrations"."version" ASC[0m
  ↳ bin/rails:9
  [1m[35m (0.1ms)[0m  [1m[34mSELECT "schema_migrations"."version" FROM "schema_migrations" ORDER BY "schema_migrations"."version" ASC[0m
  ↳ bin/rails:9
  [1m[35m (0.1ms)[0m  [1m[34mSELECT "schema_migrations"."version" FROM "schema_migrations" ORDER BY "schema_migrations"."version" ASC[0m
  ↳ bin/rails:9
  [1m[35m (0.1ms)[0m  [1m[34mSELECT "schema_migrations"."version" FROM "schema_migrations" ORDER BY "schema_migrations"."version" ASC[0m
  ↳ bin/rails:9
Migrating to AssembliesAndParts (20180726152549)
  [1m[35m (0.1ms)[0m  [1m[36mbegin transaction[0m
  ↳ bin/rails:9
  [1m[35m (1.0ms)[0m  [1m[35mDROP TABLE "assembliesandparts"[0m
  ↳ bin/rails:9
  [1m[36mActiveRecord::SchemaMigration Destroy (0.3ms)[0m  [1m[31mDELETE FROM "schema_migrations" WHERE "schema_migrations"."version" = ?[0m  [["version", "20180726152549"]]
  ↳ bin/rails:9
  [1m[35m (1.9ms)[0m  [1m[36mcommit transaction[0m
  ↳ bin/rails:9
  [1m[35m (0.1ms)[0m  [1m[34mSELECT "schema_migrations"."version" FROM "schema_migrations" ORDER BY "schema_migrations"."version" ASC[0m
  ↳ bin/rails:9
  [1m[35m (0.2ms)[0m  [1m[34mSELECT "schema_migrations"."version" FROM "schema_migrations" ORDER BY "schema_migrations"."version" ASC[0m
  ↳ bin/rails:9
Migrating to AssembliesAndParts (20180726153632)
  [1m[35m (0.1ms)[0m  [1m[36mbegin transaction[0m
  ↳ bin/rails:9
  [1m[35m (0.1ms)[0m  [1m[34mSELECT sqlite_version(*)[0m
  ↳ db/migrate/20180726153632_assemblies_and_parts.rb:3
  [1m[35m (0.5ms)[0m  [1m[35mCREATE TABLE "assembliesandparts" ("assembly_id" integer, "part_id" integer, "created_at" datetime NOT NULL, "updated_at" datetime NOT NULL)[0m
  ↳ db/migrate/20180726153632_assemblies_and_parts.rb:3
  [1m[35m (0.1ms)[0m  [1m[35mCREATE  INDEX "index_assembliesandparts_on_assembly_id" ON "assembliesandparts" ("assembly_id")[0m
  ↳ db/migrate/20180726153632_assemblies_and_parts.rb:3
  [1m[35m (0.1ms)[0m  [1m[35mCREATE  INDEX "index_assembliesandparts_on_part_id" ON "assembliesandparts" ("part_id")[0m
  ↳ db/migrate/20180726153632_assemblies_and_parts.rb:3
  [1m[36mActiveRecord::SchemaMigration Create (0.2ms)[0m  [1m[32mINSERT INTO "schema_migrations" ("version") VALUES (?)[0m  [["version", "20180726153632"]]
  ↳ bin/rails:9
  [1m[35m (2.0ms)[0m  [1m[36mcommit transaction[0m
  ↳ bin/rails:9
  [1m[36mActiveRecord::InternalMetadata Load (0.2ms)[0m  [1m[34mSELECT  "ar_internal_metadata".* FROM "ar_internal_metadata" WHERE "ar_internal_metadata"."key" = ? LIMIT ?[0m  [["key", "environment"], ["LIMIT", 1]]
  ↳ bin/rails:9
  [1m[35m (0.1ms)[0m  [1m[36mbegin transaction[0m
  ↳ bin/rails:9
  [1m[35m (0.1ms)[0m  [1m[36mcommit transaction[0m
  ↳ bin/rails:9
  [1m[35m (0.1ms)[0m  [1m[34mSELECT "schema_migrations"."version" FROM "schema_migrations" ORDER BY "schema_migrations"."version" ASC[0m
  ↳ bin/rails:9
  [1m[35m (0.3ms)[0m  [1m[34mSELECT "schema_migrations"."version" FROM "schema_migrations" ORDER BY "schema_migrations"."version" ASC[0m
  ↳ bin/rails:9
  [1m[35m (0.2ms)[0m  [1m[34mSELECT "schema_migrations"."version" FROM "schema_migrations" ORDER BY "schema_migrations"."version" ASC[0m
  ↳ bin/rails:9
  [1m[35m (0.1ms)[0m  [1m[36mbegin transaction[0m
  ↳ db/seeds.rb:11
  [1m[36mAssembly Create (0.7ms)[0m  [1m[32mINSERT INTO "assemblies" ("name", "created_at", "updated_at") VALUES (?, ?, ?)[0m  [["name", "Tom Bombadil"], ["created_at", "2018-07-26 16:16:19.301657"], ["updated_at", "2018-07-26 16:16:19.301657"]]
  ↳ db/seeds.rb:11
  [1m[35m (2.0ms)[0m  [1m[36mcommit transaction[0m
  ↳ db/seeds.rb:11
  [1m[35m (0.1ms)[0m  [1m[36mbegin transaction[0m
  ↳ db/seeds.rb:11
  [1m[36mAssembly Create (0.6ms)[0m  [1m[32mINSERT INTO "assemblies" ("name", "created_at", "updated_at") VALUES (?, ?, ?)[0m  [["name", "Legolas"], ["created_at", "2018-07-26 16:16:19.312187"], ["updated_at", "2018-07-26 16:16:19.312187"]]
  ↳ db/seeds.rb:11
  [1m[35m (2.0ms)[0m  [1m[36mcommit transaction[0m
  ↳ db/seeds.rb:11
  [1m[35m (0.1ms)[0m  [1m[36mbegin transaction[0m
  ↳ db/seeds.rb:11
  [1m[36mAssembly Create (0.7ms)[0m  [1m[32mINSERT INTO "assemblies" ("name", "created_at", "updated_at") VALUES (?, ?, ?)[0m  [["name", "Aragorn"], ["created_at", "2018-07-26 16:16:19.319569"], ["updated_at", "2018-07-26 16:16:19.319569"]]
  ↳ db/seeds.rb:11
  [1m[35m (5.5ms)[0m  [1m[36mcommit transaction[0m
  ↳ db/seeds.rb:11
  [1m[35m (0.1ms)[0m  [1m[36mbegin transaction[0m
  ↳ db/seeds.rb:11
  [1m[36mAssembly Create (0.6ms)[0m  [1m[32mINSERT INTO "assemblies" ("name", "created_at", "updated_at") VALUES (?, ?, ?)[0m  [["name", "Éomer"], ["created_at", "2018-07-26 16:16:19.329614"], ["updated_at", "2018-07-26 16:16:19.329614"]]
  ↳ db/seeds.rb:11
  [1m[35m (1.8ms)[0m  [1m[36mcommit transaction[0m
  ↳ db/seeds.rb:11
  [1m[35m (0.1ms)[0m  [1m[36mbegin transaction[0m
  ↳ db/seeds.rb:11
  [1m[36mAssembly Create (0.6ms)[0m  [1m[32mINSERT INTO "assemblies" ("name", "created_at", "updated_at") VALUES (?, ?, ?)[0m  [["name", "Gimli"], ["created_at", "2018-07-26 16:16:19.335314"], ["updated_at", "2018-07-26 16:16:19.335314"]]
  ↳ db/seeds.rb:11
  [1m[35m (2.0ms)[0m  [1m[36mcommit transaction[0m
  ↳ db/seeds.rb:11
  [1m[35m (0.1ms)[0m  [1m[36mbegin transaction[0m
  ↳ db/seeds.rb:11
  [1m[36mAssembly Create (0.8ms)[0m  [1m[32mINSERT INTO "assemblies" ("name", "created_at", "updated_at") VALUES (?, ?, ?)[0m  [["name", "Aragorn"], ["created_at", "2018-07-26 16:16:19.340864"], ["updated_at", "2018-07-26 16:16:19.340864"]]
  ↳ db/seeds.rb:11
  [1m[35m (3.8ms)[0m  [1m[36mcommit transaction[0m
  ↳ db/seeds.rb:11
  [1m[35m (0.1ms)[0m  [1m[36mbegin transaction[0m
  ↳ db/seeds.rb:11
  [1m[36mAssembly Create (0.9ms)[0m  [1m[32mINSERT INTO "assemblies" ("name", "created_at", "updated_at") VALUES (?, ?, ?)[0m  [["name", "Éomer"], ["created_at", "2018-07-26 16:16:19.348021"], ["updated_at", "2018-07-26 16:16:19.348021"]]
  ↳ db/seeds.rb:11
  [1m[35m (1.7ms)[0m  [1m[36mcommit transaction[0m
  ↳ db/seeds.rb:11
  [1m[35m (0.1ms)[0m  [1m[36mbegin transaction[0m
  ↳ db/seeds.rb:11
  [1m[36mAssembly Create (0.6ms)[0m  [1m[32mINSERT INTO "assemblies" ("name", "created_at", "updated_at") VALUES (?, ?, ?)[0m  [["name", "Sauron"], ["created_at", "2018-07-26 16:16:19.353364"], ["updated_at", "2018-07-26 16:16:19.353364"]]
  ↳ db/seeds.rb:11
  [1m[35m (1.8ms)[0m  [1m[36mcommit transaction[0m
  ↳ db/seeds.rb:11
  [1m[35m (0.1ms)[0m  [1m[36mbegin transaction[0m
  ↳ db/seeds.rb:11
  [1m[36mAssembly Create (0.6ms)[0m  [1m[32mINSERT INTO "assemblies" ("name", "created_at", "updated_at") VALUES (?, ?, ?)[0m  [["name", "Grìma Wormtongue"], ["created_at", "2018-07-26 16:16:19.358042"], ["updated_at", "2018-07-26 16:16:19.358042"]]
  ↳ db/seeds.rb:11
  [1m[35m (1.7ms)[0m  [1m[36mcommit transaction[0m
  ↳ db/seeds.rb:11
  [1m[35m (0.1ms)[0m  [1m[36mbegin transaction[0m
  ↳ db/seeds.rb:11
  [1m[36mAssembly Create (0.6ms)[0m  [1m[32mINSERT INTO "assemblies" ("name", "created_at", "updated_at") VALUES (?, ?, ?)[0m  [["name", "Shadowfax"], ["created_at", "2018-07-26 16:16:19.362861"], ["updated_at", "2018-07-26 16:16:19.362861"]]
  ↳ db/seeds.rb:11
  [1m[35m (2.0ms)[0m  [1m[36mcommit transaction[0m
  ↳ db/seeds.rb:11
  [1m[35m (0.1ms)[0m  [1m[36mbegin transaction[0m
  ↳ db/seeds.rb:15
  [1m[36mPart Create (0.6ms)[0m  [1m[32mINSERT INTO "parts" ("part_number", "created_at", "updated_at") VALUES (?, ?, ?)[0m  [["part_number", "679-35-9591"], ["created_at", "2018-07-26 16:16:19.378763"], ["updated_at", "2018-07-26 16:16:19.378763"]]
  ↳ db/seeds.rb:15
  [1m[35m (1.6ms)[0m  [1m[36mcommit transaction[0m
  ↳ db/seeds.rb:15
  [1m[35m (0.1ms)[0m  [1m[36mbegin transaction[0m
  ↳ db/seeds.rb:15
  [1m[36mPart Create (0.4ms)[0m  [1m[32mINSERT INTO "parts" ("part_number", "created_at", "updated_at") VALUES (?, ?, ?)[0m  [["part_number", "054-60-0132"], ["created_at", "2018-07-26 16:16:19.382967"], ["updated_at", "2018-07-26 16:16:19.382967"]]
  ↳ db/seeds.rb:15
  [1m[35m (1.5ms)[0m  [1m[36mcommit transaction[0m
  ↳ db/seeds.rb:15
  [1m[35m (0.0ms)[0m  [1m[36mbegin transaction[0m
  ↳ db/seeds.rb:15
  [1m[36mPart Create (0.4ms)[0m  [1m[32mINSERT INTO "parts" ("part_number", "created_at", "updated_at") VALUES (?, ?, ?)[0m  [["part_number", "595-49-6444"], ["created_at", "2018-07-26 16:16:19.386646"], ["updated_at", "2018-07-26 16:16:19.386646"]]
  ↳ db/seeds.rb:15
  [1m[35m (1.6ms)[0m  [1m[36mcommit transaction[0m
  ↳ db/seeds.rb:15
  [1m[35m (0.0ms)[0m  [1m[36mbegin transaction[0m
  ↳ db/seeds.rb:15
  [1m[36mPart Create (0.8ms)[0m  [1m[32mINSERT INTO "parts" ("part_number", "created_at", "updated_at") VALUES (?, ?, ?)[0m  [["part_number", "139-08-7477"], ["created_at", "2018-07-26 16:16:19.390264"], ["updated_at", "2018-07-26 16:16:19.390264"]]
  ↳ db/seeds.rb:15
  [1m[35m (1.9ms)[0m  [1m[36mcommit transaction[0m
  ↳ db/seeds.rb:15
  [1m[35m (0.1ms)[0m  [1m[36mbegin transaction[0m
  ↳ db/seeds.rb:15
  [1m[36mPart Create (0.6ms)[0m  [1m[32mINSERT INTO "parts" ("part_number", "created_at", "updated_at") VALUES (?, ?, ?)[0m  [["part_number", "548-49-6532"], ["created_at", "2018-07-26 16:16:19.395285"], ["updated_at", "2018-07-26 16:16:19.395285"]]
  ↳ db/seeds.rb:15
  [1m[35m (1.6ms)[0m  [1m[36mcommit transaction[0m
  ↳ db/seeds.rb:15
  [1m[35m (0.1ms)[0m  [1m[36mbegin transaction[0m
  ↳ db/seeds.rb:15
  [1m[36mPart Create (0.6ms)[0m  [1m[32mINSERT INTO "parts" ("part_number", "created_at", "updated_at") VALUES (?, ?, ?)[0m  [["part_number", "057-75-3940"], ["created_at", "2018-07-26 16:16:19.399587"], ["updated_at", "2018-07-26 16:16:19.399587"]]
  ↳ db/seeds.rb:15
  [1m[35m (3.6ms)[0m  [1m[36mcommit transaction[0m
  ↳ db/seeds.rb:15
  [1m[35m (0.1ms)[0m  [1m[36mbegin transaction[0m
  ↳ db/seeds.rb:15
  [1m[36mPart Create (0.4ms)[0m  [1m[32mINSERT INTO "parts" ("part_number", "created_at", "updated_at") VALUES (?, ?, ?)[0m  [["part_number", "547-78-1421"], ["created_at", "2018-07-26 16:16:19.406021"], ["updated_at", "2018-07-26 16:16:19.406021"]]
  ↳ db/seeds.rb:15
  [1m[35m (1.5ms)[0m  [1m[36mcommit transaction[0m
  ↳ db/seeds.rb:15
  [1m[35m (0.1ms)[0m  [1m[36mbegin transaction[0m
  ↳ db/seeds.rb:15
  [1m[36mPart Create (0.9ms)[0m  [1m[32mINSERT INTO "parts" ("part_number", "created_at", "updated_at") VALUES (?, ?, ?)[0m  [["part_number", "198-36-6232"], ["created_at", "2018-07-26 16:16:19.410351"], ["updated_at", "2018-07-26 16:16:19.410351"]]
  ↳ db/seeds.rb:15
  [1m[35m (3.6ms)[0m  [1m[36mcommit transaction[0m
  ↳ db/seeds.rb:15
  [1m[35m (0.1ms)[0m  [1m[36mbegin transaction[0m
  ↳ db/seeds.rb:15
  [1m[36mPart Create (0.6ms)[0m  [1m[32mINSERT INTO "parts" ("part_number", "created_at", "updated_at") VALUES (?, ?, ?)[0m  [["part_number", "066-29-9694"], ["created_at", "2018-07-26 16:16:19.418444"], ["updated_at", "2018-07-26 16:16:19.418444"]]
  ↳ db/seeds.rb:15
  [1m[35m (3.0ms)[0m  [1m[36mcommit transaction[0m
  ↳ db/seeds.rb:15
  [1m[35m (0.1ms)[0m  [1m[36mbegin transaction[0m
  ↳ db/seeds.rb:15
  [1m[36mPart Create (0.7ms)[0m  [1m[32mINSERT INTO "parts" ("part_number", "created_at", "updated_at") VALUES (?, ?, ?)[0m  [["part_number", "188-78-6388"], ["created_at", "2018-07-26 16:16:19.430964"], ["updated_at", "2018-07-26 16:16:19.430964"]]
  ↳ db/seeds.rb:15
  [1m[35m (1.8ms)[0m  [1m[36mcommit transaction[0m
  ↳ db/seeds.rb:15
